2025-03-28 17:55:53,060 - __main__ - INFO - Using fixed output directory: /home/hylmarj/_scratch
2025-03-28 17:55:53,060 - __main__ - INFO - Configuration validation successful
2025-03-28 17:55:53,060 - __main__ - INFO - Starting download for 1 applications from 2025-02-01 to 2025-03-23
2025-03-28 17:55:53,061 - __main__ - INFO - Applications to process: ['booking_classicskischool_cz']
2025-03-28 17:55:53,061 - __main__ - INFO - Using fixed output directory: /home/hylmarj/_scratch
2025-03-28 17:55:53,061 - __main__ - INFO - Processing application 1/1: booking_classicskischool_cz (d3f9qt4fnd0v)
2025-03-28 17:55:53,061 - __main__ - INFO - Processing booking_classicskischool_cz: 4 chunks from 2025-02-01 to 2025-03-23
2025-03-28 17:55:53,061 - __main__ - INFO - Processing chunk 1/4 for booking_classicskischool_cz
2025-03-28 17:55:53,061 - __main__ - INFO - Processing range (depth 0): 2025-02-01 00:00:00 - 2025-02-14 23:59:59 (336.0 hours)
2025-03-28 17:55:53,061 - __main__ - INFO - Fetching logs for booking_classicskischool_cz from 2025-02-01 00:00:00 to 2025-02-14 23:59:59
2025-03-28 17:55:58,422 - __main__ - INFO - Got log URL for booking_classicskischool_cz (2025-02-01 00:00:00 - 2025-02-14 23:59:59)
2025-03-28 17:55:58,836 - __main__ - INFO - Got log content (0 bytes)
2025-03-28 17:55:58,837 - __main__ - INFO - Retrieved empty logs for booking_classicskischool_cz (2025-02-01 00:00:00 - 2025-02-14 23:59:59)
2025-03-28 17:55:59,839 - __main__ - INFO - Processing chunk 2/4 for booking_classicskischool_cz
2025-03-28 17:55:59,839 - __main__ - INFO - Processing range (depth 0): 2025-02-15 00:00:00 - 2025-02-28 23:59:59 (336.0 hours)
2025-03-28 17:55:59,840 - __main__ - INFO - Fetching logs for booking_classicskischool_cz from 2025-02-15 00:00:00 to 2025-02-28 23:59:59
2025-03-28 17:56:05,470 - __main__ - INFO - Got log URL for booking_classicskischool_cz (2025-02-15 00:00:00 - 2025-02-28 23:59:59)
2025-03-28 17:56:05,743 - __main__ - INFO - Got log content (0 bytes)
2025-03-28 17:56:05,744 - __main__ - INFO - Retrieved empty logs for booking_classicskischool_cz (2025-02-15 00:00:00 - 2025-02-28 23:59:59)
2025-03-28 17:56:06,745 - __main__ - INFO - Processing chunk 3/4 for booking_classicskischool_cz
2025-03-28 17:56:06,746 - __main__ - INFO - Processing range (depth 0): 2025-03-01 00:00:00 - 2025-03-14 23:59:59 (336.0 hours)
2025-03-28 17:56:06,746 - __main__ - INFO - Fetching logs for booking_classicskischool_cz from 2025-03-01 00:00:00 to 2025-03-14 23:59:59
2025-03-28 17:56:23,587 - __main__ - INFO - Got log URL for booking_classicskischool_cz (2025-03-01 00:00:00 - 2025-03-14 23:59:59)
2025-03-28 17:56:25,515 - __main__ - INFO - Got log content (1308528 bytes)
2025-03-28 17:56:25,533 - __main__ - INFO - Retrieved logs for booking_classicskischool_cz (2025-03-01 00:00:00 - 2025-03-14 23:59:59): 1308528 bytes
2025-03-28 17:56:25,538 - __main__ - INFO - Saved logs (1308528 bytes) to /home/hylmarj/_scratch/type=amplify_logs/app=booking_classicskischool_cz/date_export=2025-03-14/log_20250314_235959
2025-03-28 17:56:26,540 - __main__ - INFO - Processing chunk 4/4 for booking_classicskischool_cz
2025-03-28 17:56:26,541 - __main__ - INFO - Processing range (depth 0): 2025-03-15 00:00:00 - 2025-03-23 23:59:59 (216.0 hours)
2025-03-28 17:56:26,542 - __main__ - INFO - Fetching logs for booking_classicskischool_cz from 2025-03-15 00:00:00 to 2025-03-23 23:59:59
2025-03-28 17:56:31,832 - __main__ - INFO - Got log URL for booking_classicskischool_cz (2025-03-15 00:00:00 - 2025-03-23 23:59:59)
2025-03-28 17:56:32,148 - __main__ - INFO - Got log content (62225 bytes)
2025-03-28 17:56:32,150 - __main__ - INFO - Retrieved logs for booking_classicskischool_cz (2025-03-15 00:00:00 - 2025-03-23 23:59:59): 62225 bytes
2025-03-28 17:56:32,151 - __main__ - INFO - Saved logs (62225 bytes) to /home/hylmarj/_scratch/type=amplify_logs/app=booking_classicskischool_cz/date_export=2025-03-23/log_20250323_235959
2025-03-28 17:56:33,153 - __main__ - INFO - Completed processing application: booking_classicskischool_cz
2025-03-28 17:56:33,153 - __main__ - INFO - All 1 applications processed
2025-03-28 18:01:02,775 - __main__ - INFO - Using fixed output directory: /home/hylmarj/_scratch
2025-03-28 18:01:02,775 - __main__ - WARNING - No S3 bucket specified, files will be saved locally only
2025-03-28 18:01:02,776 - __main__ - INFO - Configuration validation successful
2025-03-28 18:01:02,777 - __main__ - INFO - Starting download for 1 applications from 2025-02-01 to 2025-03-23
2025-03-28 18:01:02,777 - __main__ - INFO - Applications to process: ['booking_classicskischool_cz']
2025-03-28 18:01:02,777 - __main__ - INFO - Using fixed output directory: /home/hylmarj/_scratch
2025-03-28 18:01:02,777 - __main__ - INFO - Using fixed S3 sync profile: HylmarJ
2025-03-28 18:01:02,777 - __main__ - INFO - S3 bucket: 
2025-03-28 18:01:02,777 - __main__ - INFO - Processing application 1/1: booking_classicskischool_cz (d3f9qt4fnd0v)
2025-03-28 18:01:02,778 - __main__ - INFO - Processing booking_classicskischool_cz: 4 chunks from 2025-02-01 to 2025-03-23
2025-03-28 18:01:02,778 - __main__ - INFO - Processing chunk 1/4 for booking_classicskischool_cz
2025-03-28 18:01:02,778 - __main__ - INFO - Processing range (depth 0): 2025-02-01 00:00:00 - 2025-02-14 23:59:59 (336.0 hours)
2025-03-28 18:01:02,778 - __main__ - INFO - Fetching logs for booking_classicskischool_cz from 2025-02-01 00:00:00 to 2025-02-14 23:59:59
2025-03-28 18:01:08,333 - __main__ - INFO - Got log URL for booking_classicskischool_cz (2025-02-01 00:00:00 - 2025-02-14 23:59:59)
2025-03-28 18:01:08,717 - __main__ - INFO - Got log content (0 bytes)
2025-03-28 18:01:08,719 - __main__ - INFO - Retrieved empty logs for booking_classicskischool_cz (2025-02-01 00:00:00 - 2025-02-14 23:59:59)
2025-03-28 18:01:09,721 - __main__ - INFO - Processing chunk 2/4 for booking_classicskischool_cz
2025-03-28 18:01:09,722 - __main__ - INFO - Processing range (depth 0): 2025-02-15 00:00:00 - 2025-02-28 23:59:59 (336.0 hours)
2025-03-28 18:01:09,723 - __main__ - INFO - Fetching logs for booking_classicskischool_cz from 2025-02-15 00:00:00 to 2025-02-28 23:59:59
2025-03-28 18:01:15,063 - __main__ - INFO - Got log URL for booking_classicskischool_cz (2025-02-15 00:00:00 - 2025-02-28 23:59:59)
2025-03-28 18:01:15,333 - __main__ - INFO - Got log content (0 bytes)
2025-03-28 18:01:15,334 - __main__ - INFO - Retrieved empty logs for booking_classicskischool_cz (2025-02-15 00:00:00 - 2025-02-28 23:59:59)
2025-03-28 18:01:16,336 - __main__ - INFO - Processing chunk 3/4 for booking_classicskischool_cz
2025-03-28 18:01:16,336 - __main__ - INFO - Processing range (depth 0): 2025-03-01 00:00:00 - 2025-03-14 23:59:59 (336.0 hours)
2025-03-28 18:01:16,337 - __main__ - INFO - Fetching logs for booking_classicskischool_cz from 2025-03-01 00:00:00 to 2025-03-14 23:59:59
2025-03-28 18:01:33,736 - __main__ - INFO - Got log URL for booking_classicskischool_cz (2025-03-01 00:00:00 - 2025-03-14 23:59:59)
2025-03-28 18:01:34,449 - __main__ - INFO - Got log content (1308528 bytes)
2025-03-28 18:01:34,465 - __main__ - INFO - Retrieved logs for booking_classicskischool_cz (2025-03-01 00:00:00 - 2025-03-14 23:59:59): 1308528 bytes
2025-03-28 18:01:34,470 - __main__ - INFO - Saved logs (1308528 bytes) to /home/hylmarj/_scratch/type=amplify_logs/app=booking_classicskischool_cz/date_export=2025-03-14/log_20250314_235959
2025-03-28 18:01:35,472 - __main__ - INFO - Processing chunk 4/4 for booking_classicskischool_cz
2025-03-28 18:01:35,473 - __main__ - INFO - Processing range (depth 0): 2025-03-15 00:00:00 - 2025-03-23 23:59:59 (216.0 hours)
2025-03-28 18:01:35,474 - __main__ - INFO - Fetching logs for booking_classicskischool_cz from 2025-03-15 00:00:00 to 2025-03-23 23:59:59
2025-03-28 18:01:40,842 - __main__ - INFO - Got log URL for booking_classicskischool_cz (2025-03-15 00:00:00 - 2025-03-23 23:59:59)
2025-03-28 18:01:41,214 - __main__ - INFO - Got log content (62225 bytes)
2025-03-28 18:01:41,215 - __main__ - INFO - Retrieved logs for booking_classicskischool_cz (2025-03-15 00:00:00 - 2025-03-23 23:59:59): 62225 bytes
2025-03-28 18:01:41,216 - __main__ - INFO - Saved logs (62225 bytes) to /home/hylmarj/_scratch/type=amplify_logs/app=booking_classicskischool_cz/date_export=2025-03-23/log_20250323_235959
2025-03-28 18:01:42,218 - __main__ - INFO - Completed processing application: booking_classicskischool_cz
2025-03-28 18:01:42,218 - __main__ - INFO - All 1 applications processed
2025-03-28 18:07:55,753 - __main__ - INFO - Using fixed output directory: /home/hylmarj/_scratch
2025-03-28 18:07:55,754 - __main__ - INFO - Using hardcoded S3 bucket: amplifylogs-logging-intite-ss1-inftes-182059100462
2025-03-28 18:07:58,399 - __main__ - INFO - Initialized downloader for booking_classicskischool_cz
2025-03-28 18:07:58,399 - __main__ - INFO - S3 uploads enabled to bucket: amplifylogs-logging-intite-ss1-inftes-182059100462
2025-03-28 18:07:58,399 - __main__ - INFO - Processing booking_classicskischool_cz: 4 chunks from 2025-02-01 to 2025-03-23
2025-03-28 18:07:58,399 - __main__ - INFO - Processing chunk 1/4 for booking_classicskischool_cz
2025-03-28 18:07:58,400 - __main__ - INFO - Processing range (depth 0): 2025-02-01 00:00:00 - 2025-02-14 23:59:59 (336.0 hours)
2025-03-28 18:07:58,400 - __main__ - INFO - Fetching logs for booking_classicskischool_cz from 2025-02-01 00:00:00 to 2025-02-14 23:59:59
2025-03-28 18:08:03,859 - __main__ - INFO - Got log URL for booking_classicskischool_cz (2025-02-01 00:00:00 - 2025-02-14 23:59:59)
2025-03-28 18:08:04,261 - __main__ - INFO - Got log content (0 bytes)
2025-03-28 18:08:04,262 - __main__ - INFO - Retrieved empty logs for booking_classicskischool_cz (2025-02-01 00:00:00 - 2025-02-14 23:59:59)
2025-03-28 18:08:05,264 - __main__ - INFO - Processing chunk 2/4 for booking_classicskischool_cz
2025-03-28 18:08:05,265 - __main__ - INFO - Processing range (depth 0): 2025-02-15 00:00:00 - 2025-02-28 23:59:59 (336.0 hours)
2025-03-28 18:08:05,265 - __main__ - INFO - Fetching logs for booking_classicskischool_cz from 2025-02-15 00:00:00 to 2025-02-28 23:59:59
2025-03-28 18:08:10,589 - __main__ - INFO - Got log URL for booking_classicskischool_cz (2025-02-15 00:00:00 - 2025-02-28 23:59:59)
2025-03-28 18:08:10,855 - __main__ - INFO - Got log content (0 bytes)
2025-03-28 18:08:10,856 - __main__ - INFO - Retrieved empty logs for booking_classicskischool_cz (2025-02-15 00:00:00 - 2025-02-28 23:59:59)
2025-03-28 18:08:11,859 - __main__ - INFO - Processing chunk 3/4 for booking_classicskischool_cz
2025-03-28 18:08:11,859 - __main__ - INFO - Processing range (depth 0): 2025-03-01 00:00:00 - 2025-03-14 23:59:59 (336.0 hours)
2025-03-28 18:08:11,860 - __main__ - INFO - Fetching logs for booking_classicskischool_cz from 2025-03-01 00:00:00 to 2025-03-14 23:59:59
2025-03-28 18:08:29,540 - __main__ - INFO - Got log URL for booking_classicskischool_cz (2025-03-01 00:00:00 - 2025-03-14 23:59:59)
2025-03-28 18:08:31,066 - __main__ - INFO - Got log content (1308528 bytes)
2025-03-28 18:08:31,081 - __main__ - INFO - Retrieved logs for booking_classicskischool_cz (2025-03-01 00:00:00 - 2025-03-14 23:59:59): 1308528 bytes
2025-03-28 18:08:31,084 - __main__ - INFO - Saved logs (1308528 bytes) to /home/hylmarj/_scratch/type=amplify_logs/app=booking_classicskischool_cz/date_export=2025-03-14/log_20250314_235959
2025-03-28 18:08:31,084 - __main__ - INFO - Uploading /home/hylmarj/_scratch/type=amplify_logs/app=booking_classicskischool_cz/date_export=2025-03-14/log_20250314_235959 to s3://amplifylogs-logging-intite-ss1-inftes-182059100462/type=amplify_logs/app=booking_classicskischool_cz/date_export=2025-03-14/log_20250314_235959 using profile HylmarJ
2025-03-28 18:08:40,569 - __main__ - INFO - S3 upload command result: Completed 256.0 KiB/1.2 MiB (246.8 KiB/s) with 1 file(s) remaining
Completed 512.0 KiB/1.2 MiB (371.1 KiB/s) with 1 file(s) remaining
Completed 768.0 KiB/1.2 MiB (462.5 KiB/s) with 1 file(s) remaining
Completed 1.0 MiB/1.2 MiB (528.7 KiB/s) with 1 file(s) remaining  
Completed 1.2 MiB/1.2 MiB (468.4 KiB/s) with 1 file(s) remaining  
upload: ../_scratch/type=amplify_logs/app=booking_classicskischool_cz/date_export=2025-03-14/log_20250314_235959 to s3://amplifylogs-logging-intite-ss1-inftes-182059100462/type=amplify_logs/app=booking_classicskischool_cz/date_export=2025-03-14/log_20250314_235959

2025-03-28 18:08:40,569 - __main__ - INFO - S3 upload success: True
2025-03-28 18:08:41,571 - __main__ - INFO - Processing chunk 4/4 for booking_classicskischool_cz
2025-03-28 18:08:41,571 - __main__ - INFO - Processing range (depth 0): 2025-03-15 00:00:00 - 2025-03-23 23:59:59 (216.0 hours)
2025-03-28 18:08:41,572 - __main__ - INFO - Fetching logs for booking_classicskischool_cz from 2025-03-15 00:00:00 to 2025-03-23 23:59:59
2025-03-28 18:08:46,889 - __main__ - INFO - Got log URL for booking_classicskischool_cz (2025-03-15 00:00:00 - 2025-03-23 23:59:59)
2025-03-28 18:08:47,297 - __main__ - INFO - Got log content (62225 bytes)
2025-03-28 18:08:47,301 - __main__ - INFO - Retrieved logs for booking_classicskischool_cz (2025-03-15 00:00:00 - 2025-03-23 23:59:59): 62225 bytes
2025-03-28 18:08:47,303 - __main__ - INFO - Saved logs (62225 bytes) to /home/hylmarj/_scratch/type=amplify_logs/app=booking_classicskischool_cz/date_export=2025-03-23/log_20250323_235959
2025-03-28 18:08:47,304 - __main__ - INFO - Uploading /home/hylmarj/_scratch/type=amplify_logs/app=booking_classicskischool_cz/date_export=2025-03-23/log_20250323_235959 to s3://amplifylogs-logging-intite-ss1-inftes-182059100462/type=amplify_logs/app=booking_classicskischool_cz/date_export=2025-03-23/log_20250323_235959 using profile HylmarJ
2025-03-28 18:08:54,930 - __main__ - INFO - S3 upload command result: Completed 60.8 KiB/60.8 KiB (68.1 KiB/s) with 1 file(s) remaining
upload: ../_scratch/type=amplify_logs/app=booking_classicskischool_cz/date_export=2025-03-23/log_20250323_235959 to s3://amplifylogs-logging-intite-ss1-inftes-182059100462/type=amplify_logs/app=booking_classicskischool_cz/date_export=2025-03-23/log_20250323_235959

2025-03-28 18:08:54,930 - __main__ - INFO - S3 upload success: True
2025-03-28 18:08:55,931 - __main__ - INFO - Completed processing application: booking_classicskischool_cz
2025-03-28 18:09:36,674 - __main__ - INFO - Using fixed output directory: /home/hylmarj/_scratch
2025-03-28 18:09:36,675 - __main__ - INFO - Using hardcoded S3 bucket: amplifylogs-logging-intite-ss1-inftes-182059100462
2025-03-28 18:09:39,266 - __main__ - INFO - Initialized downloader for reviews_classicskischool_cz
2025-03-28 18:09:39,267 - __main__ - INFO - S3 uploads enabled to bucket: amplifylogs-logging-intite-ss1-inftes-182059100462
2025-03-28 18:09:39,267 - __main__ - INFO - Processing reviews_classicskischool_cz: 4 chunks from 2025-02-01 to 2025-03-23
2025-03-28 18:09:39,267 - __main__ - INFO - Processing chunk 1/4 for reviews_classicskischool_cz
2025-03-28 18:09:39,267 - __main__ - INFO - Processing range (depth 0): 2025-02-01 00:00:00 - 2025-02-14 23:59:59 (336.0 hours)
2025-03-28 18:09:39,267 - __main__ - INFO - Fetching logs for reviews_classicskischool_cz from 2025-02-01 00:00:00 to 2025-02-14 23:59:59
2025-03-28 18:09:49,408 - __main__ - INFO - Got log URL for reviews_classicskischool_cz (2025-02-01 00:00:00 - 2025-02-14 23:59:59)
2025-03-28 18:09:50,326 - __main__ - INFO - Got log content (249130 bytes)
2025-03-28 18:09:50,333 - __main__ - INFO - Retrieved logs for reviews_classicskischool_cz (2025-02-01 00:00:00 - 2025-02-14 23:59:59): 249130 bytes
2025-03-28 18:09:50,337 - __main__ - INFO - Saved logs (249130 bytes) to /home/hylmarj/_scratch/type=amplify_logs/app=reviews_classicskischool_cz/date_export=2025-02-14/log_20250214_235959
2025-03-28 18:09:50,337 - __main__ - INFO - Uploading /home/hylmarj/_scratch/type=amplify_logs/app=reviews_classicskischool_cz/date_export=2025-02-14/log_20250214_235959 to s3://amplifylogs-logging-intite-ss1-inftes-182059100462/type=amplify_logs/app=reviews_classicskischool_cz/date_export=2025-02-14/log_20250214_235959 using profile HylmarJ
2025-03-28 18:09:58,351 - __main__ - INFO - S3 upload command result: Completed 243.3 KiB/243.3 KiB (191.3 KiB/s) with 1 file(s) remaining
upload: ../_scratch/type=amplify_logs/app=reviews_classicskischool_cz/date_export=2025-02-14/log_20250214_235959 to s3://amplifylogs-logging-intite-ss1-inftes-182059100462/type=amplify_logs/app=reviews_classicskischool_cz/date_export=2025-02-14/log_20250214_235959

2025-03-28 18:09:58,351 - __main__ - INFO - S3 upload success: True
2025-03-28 18:09:59,352 - __main__ - INFO - Processing chunk 2/4 for reviews_classicskischool_cz
2025-03-28 18:09:59,353 - __main__ - INFO - Processing range (depth 0): 2025-02-15 00:00:00 - 2025-02-28 23:59:59 (336.0 hours)
2025-03-28 18:09:59,354 - __main__ - INFO - Fetching logs for reviews_classicskischool_cz from 2025-02-15 00:00:00 to 2025-02-28 23:59:59
2025-03-28 18:10:06,934 - __main__ - INFO - Got log URL for reviews_classicskischool_cz (2025-02-15 00:00:00 - 2025-02-28 23:59:59)
2025-03-28 18:10:07,295 - __main__ - INFO - Got log content (84535 bytes)
2025-03-28 18:10:07,298 - __main__ - INFO - Retrieved logs for reviews_classicskischool_cz (2025-02-15 00:00:00 - 2025-02-28 23:59:59): 84535 bytes
2025-03-28 18:10:07,301 - __main__ - INFO - Saved logs (84535 bytes) to /home/hylmarj/_scratch/type=amplify_logs/app=reviews_classicskischool_cz/date_export=2025-02-28/log_20250228_235959
2025-03-28 18:10:07,302 - __main__ - INFO - Uploading /home/hylmarj/_scratch/type=amplify_logs/app=reviews_classicskischool_cz/date_export=2025-02-28/log_20250228_235959 to s3://amplifylogs-logging-intite-ss1-inftes-182059100462/type=amplify_logs/app=reviews_classicskischool_cz/date_export=2025-02-28/log_20250228_235959 using profile HylmarJ
2025-03-28 18:10:14,991 - __main__ - INFO - S3 upload command result: Completed 82.6 KiB/82.6 KiB (92.7 KiB/s) with 1 file(s) remaining
upload: ../_scratch/type=amplify_logs/app=reviews_classicskischool_cz/date_export=2025-02-28/log_20250228_235959 to s3://amplifylogs-logging-intite-ss1-inftes-182059100462/type=amplify_logs/app=reviews_classicskischool_cz/date_export=2025-02-28/log_20250228_235959

2025-03-28 18:10:14,991 - __main__ - INFO - S3 upload success: True
2025-03-28 18:10:15,993 - __main__ - INFO - Processing chunk 3/4 for reviews_classicskischool_cz
2025-03-28 18:10:15,993 - __main__ - INFO - Processing range (depth 0): 2025-03-01 00:00:00 - 2025-03-14 23:59:59 (336.0 hours)
2025-03-28 18:10:15,994 - __main__ - INFO - Fetching logs for reviews_classicskischool_cz from 2025-03-01 00:00:00 to 2025-03-14 23:59:59
2025-03-28 18:10:24,128 - __main__ - INFO - Got log URL for reviews_classicskischool_cz (2025-03-01 00:00:00 - 2025-03-14 23:59:59)
2025-03-28 18:10:24,541 - __main__ - INFO - Got log content (84156 bytes)
2025-03-28 18:10:24,545 - __main__ - INFO - Retrieved logs for reviews_classicskischool_cz (2025-03-01 00:00:00 - 2025-03-14 23:59:59): 84156 bytes
2025-03-28 18:10:24,549 - __main__ - INFO - Saved logs (84156 bytes) to /home/hylmarj/_scratch/type=amplify_logs/app=reviews_classicskischool_cz/date_export=2025-03-14/log_20250314_235959
2025-03-28 18:10:24,550 - __main__ - INFO - Uploading /home/hylmarj/_scratch/type=amplify_logs/app=reviews_classicskischool_cz/date_export=2025-03-14/log_20250314_235959 to s3://amplifylogs-logging-intite-ss1-inftes-182059100462/type=amplify_logs/app=reviews_classicskischool_cz/date_export=2025-03-14/log_20250314_235959 using profile HylmarJ
2025-03-28 18:10:32,321 - __main__ - INFO - S3 upload command result: Completed 82.2 KiB/82.2 KiB (81.0 KiB/s) with 1 file(s) remaining
upload: ../_scratch/type=amplify_logs/app=reviews_classicskischool_cz/date_export=2025-03-14/log_20250314_235959 to s3://amplifylogs-logging-intite-ss1-inftes-182059100462/type=amplify_logs/app=reviews_classicskischool_cz/date_export=2025-03-14/log_20250314_235959

2025-03-28 18:10:32,321 - __main__ - INFO - S3 upload success: True
2025-03-28 18:10:33,323 - __main__ - INFO - Processing chunk 4/4 for reviews_classicskischool_cz
2025-03-28 18:10:33,324 - __main__ - INFO - Processing range (depth 0): 2025-03-15 00:00:00 - 2025-03-23 23:59:59 (216.0 hours)
2025-03-28 18:10:33,325 - __main__ - INFO - Fetching logs for reviews_classicskischool_cz from 2025-03-15 00:00:00 to 2025-03-23 23:59:59
2025-03-28 18:10:38,729 - __main__ - INFO - Got log URL for reviews_classicskischool_cz (2025-03-15 00:00:00 - 2025-03-23 23:59:59)
2025-03-28 18:10:39,206 - __main__ - INFO - Got log content (76905 bytes)
2025-03-28 18:10:39,207 - __main__ - INFO - Retrieved logs for reviews_classicskischool_cz (2025-03-15 00:00:00 - 2025-03-23 23:59:59): 76905 bytes
2025-03-28 18:10:39,207 - __main__ - INFO - Saved logs (76905 bytes) to /home/hylmarj/_scratch/type=amplify_logs/app=reviews_classicskischool_cz/date_export=2025-03-23/log_20250323_235959
2025-03-28 18:10:39,208 - __main__ - INFO - Uploading /home/hylmarj/_scratch/type=amplify_logs/app=reviews_classicskischool_cz/date_export=2025-03-23/log_20250323_235959 to s3://amplifylogs-logging-intite-ss1-inftes-182059100462/type=amplify_logs/app=reviews_classicskischool_cz/date_export=2025-03-23/log_20250323_235959 using profile HylmarJ
2025-03-28 18:10:46,860 - __main__ - INFO - S3 upload command result: Completed 75.1 KiB/75.1 KiB (86.4 KiB/s) with 1 file(s) remaining
upload: ../_scratch/type=amplify_logs/app=reviews_classicskischool_cz/date_export=2025-03-23/log_20250323_235959 to s3://amplifylogs-logging-intite-ss1-inftes-182059100462/type=amplify_logs/app=reviews_classicskischool_cz/date_export=2025-03-23/log_20250323_235959

2025-03-28 18:10:46,860 - __main__ - INFO - S3 upload success: True
2025-03-28 18:10:47,862 - __main__ - INFO - Completed processing application: reviews_classicskischool_cz
2025-03-28 18:21:19,107 - __main__ - INFO - Using fixed output directory: /home/hylmarj/_scratch
2025-03-28 18:21:19,107 - __main__ - INFO - Using hardcoded S3 bucket: amplifylogs-logging-intite-ss1-inftes-182059100462
2025-03-28 18:21:21,665 - __main__ - INFO - Initialized downloader for digital_horizon_cz
2025-03-28 18:21:21,665 - __main__ - INFO - S3 uploads enabled to bucket: amplifylogs-logging-intite-ss1-inftes-182059100462
2025-03-28 18:21:21,665 - __main__ - INFO - Processing digital_horizon_cz: 15 chunks from 2024-09-01 to 2025-03-23
2025-03-28 18:21:21,666 - __main__ - INFO - Processing chunk 1/15 for digital_horizon_cz
2025-03-28 18:21:21,666 - __main__ - INFO - Processing range (depth 0): 2024-09-01 00:00:00 - 2024-09-14 23:59:59 (336.0 hours)
2025-03-28 18:21:21,666 - __main__ - INFO - Fetching logs for digital_horizon_cz from 2024-09-01 00:00:00 to 2024-09-14 23:59:59
2025-03-28 18:21:27,312 - __main__ - INFO - Got log URL for digital_horizon_cz (2024-09-01 00:00:00 - 2024-09-14 23:59:59)
2025-03-28 18:21:27,648 - __main__ - INFO - Got log content (0 bytes)
2025-03-28 18:21:27,649 - __main__ - INFO - Retrieved empty logs for digital_horizon_cz (2024-09-01 00:00:00 - 2024-09-14 23:59:59)
2025-03-28 18:21:28,651 - __main__ - INFO - Processing chunk 2/15 for digital_horizon_cz
2025-03-28 18:21:28,652 - __main__ - INFO - Processing range (depth 0): 2024-09-15 00:00:00 - 2024-09-28 23:59:59 (336.0 hours)
2025-03-28 18:21:28,652 - __main__ - INFO - Fetching logs for digital_horizon_cz from 2024-09-15 00:00:00 to 2024-09-28 23:59:59
2025-03-28 18:21:34,019 - __main__ - INFO - Got log URL for digital_horizon_cz (2024-09-15 00:00:00 - 2024-09-28 23:59:59)
2025-03-28 18:21:34,295 - __main__ - INFO - Got log content (0 bytes)
2025-03-28 18:21:34,297 - __main__ - INFO - Retrieved empty logs for digital_horizon_cz (2024-09-15 00:00:00 - 2024-09-28 23:59:59)
2025-03-28 18:21:35,299 - __main__ - INFO - Processing chunk 3/15 for digital_horizon_cz
2025-03-28 18:21:35,299 - __main__ - INFO - Processing range (depth 0): 2024-09-29 00:00:00 - 2024-10-12 23:59:59 (336.0 hours)
2025-03-28 18:21:35,300 - __main__ - INFO - Fetching logs for digital_horizon_cz from 2024-09-29 00:00:00 to 2024-10-12 23:59:59
2025-03-28 18:21:40,796 - __main__ - INFO - Got log URL for digital_horizon_cz (2024-09-29 00:00:00 - 2024-10-12 23:59:59)
2025-03-28 18:21:41,088 - __main__ - INFO - Got log content (0 bytes)
2025-03-28 18:21:41,089 - __main__ - INFO - Retrieved empty logs for digital_horizon_cz (2024-09-29 00:00:00 - 2024-10-12 23:59:59)
2025-03-28 18:21:42,090 - __main__ - INFO - Processing chunk 4/15 for digital_horizon_cz
2025-03-28 18:21:42,090 - __main__ - INFO - Processing range (depth 0): 2024-10-13 00:00:00 - 2024-10-26 23:59:59 (336.0 hours)
2025-03-28 18:21:42,090 - __main__ - INFO - Fetching logs for digital_horizon_cz from 2024-10-13 00:00:00 to 2024-10-26 23:59:59
2025-03-28 18:21:47,503 - __main__ - INFO - Got log URL for digital_horizon_cz (2024-10-13 00:00:00 - 2024-10-26 23:59:59)
2025-03-28 18:21:47,775 - __main__ - INFO - Got log content (0 bytes)
2025-03-28 18:21:47,776 - __main__ - INFO - Retrieved empty logs for digital_horizon_cz (2024-10-13 00:00:00 - 2024-10-26 23:59:59)
2025-03-28 18:21:48,777 - __main__ - INFO - Processing chunk 5/15 for digital_horizon_cz
2025-03-28 18:21:48,778 - __main__ - INFO - Processing range (depth 0): 2024-10-27 00:00:00 - 2024-11-09 23:59:59 (336.0 hours)
2025-03-28 18:21:48,778 - __main__ - INFO - Fetching logs for digital_horizon_cz from 2024-10-27 00:00:00 to 2024-11-09 23:59:59
2025-03-28 18:21:54,239 - __main__ - INFO - Got log URL for digital_horizon_cz (2024-10-27 00:00:00 - 2024-11-09 23:59:59)
2025-03-28 18:21:54,492 - __main__ - INFO - Got log content (0 bytes)
2025-03-28 18:21:54,493 - __main__ - INFO - Retrieved empty logs for digital_horizon_cz (2024-10-27 00:00:00 - 2024-11-09 23:59:59)
2025-03-28 18:21:55,495 - __main__ - INFO - Processing chunk 6/15 for digital_horizon_cz
2025-03-28 18:21:55,496 - __main__ - INFO - Processing range (depth 0): 2024-11-10 00:00:00 - 2024-11-23 23:59:59 (336.0 hours)
2025-03-28 18:21:55,497 - __main__ - INFO - Fetching logs for digital_horizon_cz from 2024-11-10 00:00:00 to 2024-11-23 23:59:59
2025-03-28 18:22:13,381 - __main__ - INFO - Using fixed output directory: /home/hylmarj/_scratch
2025-03-28 18:22:13,381 - __main__ - INFO - Using hardcoded S3 bucket: amplifylogs-logging-intite-ss1-inftes-182059100462
2025-03-28 18:22:16,001 - __main__ - INFO - Initialized downloader for digital_horizon_cz
2025-03-28 18:22:16,001 - __main__ - INFO - S3 uploads enabled to bucket: amplifylogs-logging-intite-ss1-inftes-182059100462
2025-03-28 18:22:16,001 - __main__ - INFO - Processing digital_horizon_cz: 9 chunks from 2024-12-01 to 2025-03-23
2025-03-28 18:22:16,001 - __main__ - INFO - Processing chunk 1/9 for digital_horizon_cz
2025-03-28 18:22:16,001 - __main__ - INFO - Processing range (depth 0): 2024-12-01 00:00:00 - 2024-12-14 23:59:59 (336.0 hours)
2025-03-28 18:22:16,001 - __main__ - INFO - Fetching logs for digital_horizon_cz from 2024-12-01 00:00:00 to 2024-12-14 23:59:59
2025-03-28 18:22:21,584 - __main__ - INFO - Got log URL for digital_horizon_cz (2024-12-01 00:00:00 - 2024-12-14 23:59:59)
2025-03-28 18:22:21,961 - __main__ - INFO - Got log content (0 bytes)
2025-03-28 18:22:21,961 - __main__ - INFO - Retrieved empty logs for digital_horizon_cz (2024-12-01 00:00:00 - 2024-12-14 23:59:59)
2025-03-28 18:22:22,963 - __main__ - INFO - Processing chunk 2/9 for digital_horizon_cz
2025-03-28 18:22:22,964 - __main__ - INFO - Processing range (depth 0): 2024-12-15 00:00:00 - 2024-12-28 23:59:59 (336.0 hours)
2025-03-28 18:22:22,964 - __main__ - INFO - Fetching logs for digital_horizon_cz from 2024-12-15 00:00:00 to 2024-12-28 23:59:59
2025-03-28 18:22:28,608 - __main__ - INFO - Got log URL for digital_horizon_cz (2024-12-15 00:00:00 - 2024-12-28 23:59:59)
2025-03-28 18:22:28,902 - __main__ - INFO - Got log content (0 bytes)
2025-03-28 18:22:28,903 - __main__ - INFO - Retrieved empty logs for digital_horizon_cz (2024-12-15 00:00:00 - 2024-12-28 23:59:59)
2025-03-28 18:22:29,905 - __main__ - INFO - Processing chunk 3/9 for digital_horizon_cz
2025-03-28 18:22:29,906 - __main__ - INFO - Processing range (depth 0): 2024-12-29 00:00:00 - 2025-01-11 23:59:59 (336.0 hours)
2025-03-28 18:22:29,906 - __main__ - INFO - Fetching logs for digital_horizon_cz from 2024-12-29 00:00:00 to 2025-01-11 23:59:59
2025-03-28 18:22:35,486 - __main__ - INFO - Got log URL for digital_horizon_cz (2024-12-29 00:00:00 - 2025-01-11 23:59:59)
2025-03-28 18:22:35,740 - __main__ - INFO - Got log content (0 bytes)
2025-03-28 18:22:35,742 - __main__ - INFO - Retrieved empty logs for digital_horizon_cz (2024-12-29 00:00:00 - 2025-01-11 23:59:59)
2025-03-28 18:22:36,745 - __main__ - INFO - Processing chunk 4/9 for digital_horizon_cz
2025-03-28 18:22:36,746 - __main__ - INFO - Processing range (depth 0): 2025-01-12 00:00:00 - 2025-01-25 23:59:59 (336.0 hours)
2025-03-28 18:22:36,747 - __main__ - INFO - Fetching logs for digital_horizon_cz from 2025-01-12 00:00:00 to 2025-01-25 23:59:59
2025-03-28 18:22:42,369 - __main__ - INFO - Got log URL for digital_horizon_cz (2025-01-12 00:00:00 - 2025-01-25 23:59:59)
2025-03-28 18:22:42,641 - __main__ - INFO - Got log content (0 bytes)
2025-03-28 18:22:42,643 - __main__ - INFO - Retrieved empty logs for digital_horizon_cz (2025-01-12 00:00:00 - 2025-01-25 23:59:59)
2025-03-28 18:22:43,645 - __main__ - INFO - Processing chunk 5/9 for digital_horizon_cz
2025-03-28 18:22:43,646 - __main__ - INFO - Processing range (depth 0): 2025-01-26 00:00:00 - 2025-02-08 23:59:59 (336.0 hours)
2025-03-28 18:22:43,647 - __main__ - INFO - Fetching logs for digital_horizon_cz from 2025-01-26 00:00:00 to 2025-02-08 23:59:59
2025-03-28 18:22:49,397 - __main__ - INFO - Got log URL for digital_horizon_cz (2025-01-26 00:00:00 - 2025-02-08 23:59:59)
2025-03-28 18:22:49,615 - __main__ - INFO - Got log content (0 bytes)
2025-03-28 18:22:49,616 - __main__ - INFO - Retrieved empty logs for digital_horizon_cz (2025-01-26 00:00:00 - 2025-02-08 23:59:59)
2025-03-28 18:22:50,618 - __main__ - INFO - Processing chunk 6/9 for digital_horizon_cz
2025-03-28 18:22:50,619 - __main__ - INFO - Processing range (depth 0): 2025-02-09 00:00:00 - 2025-02-22 23:59:59 (336.0 hours)
2025-03-28 18:22:50,619 - __main__ - INFO - Fetching logs for digital_horizon_cz from 2025-02-09 00:00:00 to 2025-02-22 23:59:59
2025-03-28 18:23:06,646 - __main__ - INFO - Got log URL for digital_horizon_cz (2025-02-09 00:00:00 - 2025-02-22 23:59:59)
2025-03-28 18:23:08,183 - __main__ - INFO - Got log content (1956992 bytes)
2025-03-28 18:23:08,206 - __main__ - INFO - Retrieved logs for digital_horizon_cz (2025-02-09 00:00:00 - 2025-02-22 23:59:59): 1956992 bytes
2025-03-28 18:23:08,210 - __main__ - INFO - Saved logs (1956992 bytes) to /home/hylmarj/_scratch/type=amplify_logs/app=digital_horizon_cz/date_export=2025-02-22/log_20250222_235959
2025-03-28 18:23:08,210 - __main__ - INFO - Uploading /home/hylmarj/_scratch/type=amplify_logs/app=digital_horizon_cz/date_export=2025-02-22/log_20250222_235959 to s3://amplifylogs-logging-intite-ss1-inftes-182059100462/type=amplify_logs/app=digital_horizon_cz/date_export=2025-02-22/log_20250222_235959 using profile HylmarJ
2025-03-28 18:23:18,527 - __main__ - INFO - S3 upload command result: Completed 256.0 KiB/1.9 MiB (260.5 KiB/s) with 1 file(s) remaining
Completed 512.0 KiB/1.9 MiB (452.1 KiB/s) with 1 file(s) remaining
Completed 768.0 KiB/1.9 MiB (513.9 KiB/s) with 1 file(s) remaining
Completed 1.0 MiB/1.9 MiB (580.0 KiB/s) with 1 file(s) remaining  
Completed 1.2 MiB/1.9 MiB (627.5 KiB/s) with 1 file(s) remaining  
Completed 1.5 MiB/1.9 MiB (658.5 KiB/s) with 1 file(s) remaining  
Completed 1.8 MiB/1.9 MiB (677.1 KiB/s) with 1 file(s) remaining  
Completed 1.9 MiB/1.9 MiB (527.7 KiB/s) with 1 file(s) remaining  
upload: _scratch/type=amplify_logs/app=digital_horizon_cz/date_export=2025-02-22/log_20250222_235959 to s3://amplifylogs-logging-intite-ss1-inftes-182059100462/type=amplify_logs/app=digital_horizon_cz/date_export=2025-02-22/log_20250222_235959

2025-03-28 18:23:18,528 - __main__ - INFO - S3 upload success: True
2025-03-28 18:23:19,530 - __main__ - INFO - Processing chunk 7/9 for digital_horizon_cz
2025-03-28 18:23:19,530 - __main__ - INFO - Processing range (depth 0): 2025-02-23 00:00:00 - 2025-03-08 23:59:59 (336.0 hours)
2025-03-28 18:23:19,530 - __main__ - INFO - Fetching logs for digital_horizon_cz from 2025-02-23 00:00:00 to 2025-03-08 23:59:59
2025-03-28 18:23:30,256 - __main__ - INFO - Got log URL for digital_horizon_cz (2025-02-23 00:00:00 - 2025-03-08 23:59:59)
2025-03-28 18:23:30,722 - __main__ - INFO - Got log content (246028 bytes)
2025-03-28 18:23:30,730 - __main__ - INFO - Retrieved logs for digital_horizon_cz (2025-02-23 00:00:00 - 2025-03-08 23:59:59): 246028 bytes
2025-03-28 18:23:30,734 - __main__ - INFO - Saved logs (246028 bytes) to /home/hylmarj/_scratch/type=amplify_logs/app=digital_horizon_cz/date_export=2025-03-08/log_20250308_235959
2025-03-28 18:23:30,734 - __main__ - INFO - Uploading /home/hylmarj/_scratch/type=amplify_logs/app=digital_horizon_cz/date_export=2025-03-08/log_20250308_235959 to s3://amplifylogs-logging-intite-ss1-inftes-182059100462/type=amplify_logs/app=digital_horizon_cz/date_export=2025-03-08/log_20250308_235959 using profile HylmarJ
2025-03-28 18:23:38,584 - __main__ - INFO - S3 upload command result: Completed 240.3 KiB/240.3 KiB (211.0 KiB/s) with 1 file(s) remaining
upload: _scratch/type=amplify_logs/app=digital_horizon_cz/date_export=2025-03-08/log_20250308_235959 to s3://amplifylogs-logging-intite-ss1-inftes-182059100462/type=amplify_logs/app=digital_horizon_cz/date_export=2025-03-08/log_20250308_235959

2025-03-28 18:23:38,584 - __main__ - INFO - S3 upload success: True
2025-03-28 18:23:39,586 - __main__ - INFO - Processing chunk 8/9 for digital_horizon_cz
2025-03-28 18:23:39,587 - __main__ - INFO - Processing range (depth 0): 2025-03-09 00:00:00 - 2025-03-22 23:59:59 (336.0 hours)
2025-03-28 18:23:39,587 - __main__ - INFO - Fetching logs for digital_horizon_cz from 2025-03-09 00:00:00 to 2025-03-22 23:59:59
2025-03-28 18:23:48,362 - __main__ - INFO - Got log URL for digital_horizon_cz (2025-03-09 00:00:00 - 2025-03-22 23:59:59)
2025-03-28 18:23:49,200 - __main__ - INFO - Got log content (208968 bytes)
2025-03-28 18:23:49,207 - __main__ - INFO - Retrieved logs for digital_horizon_cz (2025-03-09 00:00:00 - 2025-03-22 23:59:59): 208968 bytes
2025-03-28 18:23:49,210 - __main__ - INFO - Saved logs (208968 bytes) to /home/hylmarj/_scratch/type=amplify_logs/app=digital_horizon_cz/date_export=2025-03-22/log_20250322_235959
2025-03-28 18:23:49,210 - __main__ - INFO - Uploading /home/hylmarj/_scratch/type=amplify_logs/app=digital_horizon_cz/date_export=2025-03-22/log_20250322_235959 to s3://amplifylogs-logging-intite-ss1-inftes-182059100462/type=amplify_logs/app=digital_horizon_cz/date_export=2025-03-22/log_20250322_235959 using profile HylmarJ
2025-03-28 18:23:57,579 - __main__ - INFO - S3 upload command result: Completed 204.1 KiB/204.1 KiB (144.1 KiB/s) with 1 file(s) remaining
upload: _scratch/type=amplify_logs/app=digital_horizon_cz/date_export=2025-03-22/log_20250322_235959 to s3://amplifylogs-logging-intite-ss1-inftes-182059100462/type=amplify_logs/app=digital_horizon_cz/date_export=2025-03-22/log_20250322_235959

2025-03-28 18:23:57,579 - __main__ - INFO - S3 upload success: True
2025-03-28 18:23:58,581 - __main__ - INFO - Processing chunk 9/9 for digital_horizon_cz
2025-03-28 18:23:58,581 - __main__ - INFO - Processing range (depth 0): 2025-03-23 00:00:00 - 2025-03-23 23:59:59 (24.0 hours)
2025-03-28 18:23:58,581 - __main__ - INFO - Fetching logs for digital_horizon_cz from 2025-03-23 00:00:00 to 2025-03-23 23:59:59
2025-03-28 18:23:59,893 - __main__ - INFO - Got log URL for digital_horizon_cz (2025-03-23 00:00:00 - 2025-03-23 23:59:59)
2025-03-28 18:24:00,167 - __main__ - INFO - Got log content (1602 bytes)
2025-03-28 18:24:00,167 - __main__ - INFO - Retrieved logs for digital_horizon_cz (2025-03-23 00:00:00 - 2025-03-23 23:59:59): 1602 bytes
2025-03-28 18:24:00,169 - __main__ - INFO - Saved logs (1602 bytes) to /home/hylmarj/_scratch/type=amplify_logs/app=digital_horizon_cz/date_export=2025-03-23/log_20250323_235959
2025-03-28 18:24:00,169 - __main__ - INFO - Uploading /home/hylmarj/_scratch/type=amplify_logs/app=digital_horizon_cz/date_export=2025-03-23/log_20250323_235959 to s3://amplifylogs-logging-intite-ss1-inftes-182059100462/type=amplify_logs/app=digital_horizon_cz/date_export=2025-03-23/log_20250323_235959 using profile HylmarJ
2025-03-28 18:24:07,524 - __main__ - INFO - S3 upload command result: Completed 1.6 KiB/1.6 KiB (2.5 KiB/s) with 1 file(s) remaining
upload: _scratch/type=amplify_logs/app=digital_horizon_cz/date_export=2025-03-23/log_20250323_235959 to s3://amplifylogs-logging-intite-ss1-inftes-182059100462/type=amplify_logs/app=digital_horizon_cz/date_export=2025-03-23/log_20250323_235959

2025-03-28 18:24:07,525 - __main__ - INFO - S3 upload success: True
2025-03-28 18:24:08,526 - __main__ - INFO - Completed processing application: digital_horizon_cz
